==2243== Memcheck, a memory error detector
==2243== Copyright (C) 2002-2017, and GNU GPL'd, by Julian Seward et al.
==2243== Using Valgrind-3.14.0 and LibVEX; rerun with -h for copyright info
==2243== Command: ./mysh -c pwd\ |\ (ls\ -alh\ /)\ |\ (pwd|pwd)\ |\ {pwd;pwd}\ |\ {{pwd|pwd};pwd}\ |\ 2\>&1\ \>/dev/null\ ls\ .\ fdsfsa\ |\ \>a\ pwd\ |\ \>\>b\ pwd\ |\ (pwd\ &)\ |\ cd\ /\ |\ exit\ 31
==2243== Parent PID: 2149
==2243== 
--2243-- run: /usr/bin/dsymutil "./mysh"
==2245== 
==2245== HEAP SUMMARY:
==2245==     in use at exit: 28,037 bytes in 183 blocks
==2245==   total heap usage: 312 allocs, 129 frees, 42,217 bytes allocated
==2245== 
==2245== LEAK SUMMARY:
==2245==    definitely lost: 32 bytes in 2 blocks
==2245==    indirectly lost: 4,096 bytes in 2 blocks
==2245==      possibly lost: 72 bytes in 3 blocks
==2245==    still reachable: 208 bytes in 7 blocks
==2245==         suppressed: 23,629 bytes in 169 blocks
==2245== Rerun with --leak-check=full to see details of leaked memory
==2245== 
==2245== For counts of detected and suppressed errors, rerun with: -v
==2245== ERROR SUMMARY: 0 errors from 0 contexts (suppressed: 1 from 1)
==2243== 
==2243== HEAP SUMMARY:
==2243==     in use at exit: 18,463 bytes in 167 blocks
==2243==   total heap usage: 294 allocs, 127 frees, 31,563 bytes allocated
==2243== 
==2243== LEAK SUMMARY:
==2243==    definitely lost: 0 bytes in 0 blocks
==2243==    indirectly lost: 0 bytes in 0 blocks
==2243==      possibly lost: 72 bytes in 3 blocks
==2243==    still reachable: 208 bytes in 7 blocks
==2243==         suppressed: 18,183 bytes in 157 blocks
==2243== Rerun with --leak-check=full to see details of leaked memory
==2243== 
==2243== For counts of detected and suppressed errors, rerun with: -v
==2243== ERROR SUMMARY: 0 errors from 0 contexts (suppressed: 1 from 1)
